<?xml version="1.0" encoding="UTF-8"?>
<testsuite xmlns:xsi="http://www.w3.org/2001/XMLSchema-instance" xsi:noNamespaceSchemaLocation="https://maven.apache.org/surefire/maven-surefire-plugin/xsd/surefire-test-report.xsd" name="task2.LoanProcessorTest" time="0.086" tests="4" errors="0" skipped="0" failures="0">
  <properties>
    <property name="java.specification.version" value="16"/>
    <property name="sun.cpu.isalist" value="amd64"/>
    <property name="sun.jnu.encoding" value="Cp1252"/>
    <property name="java.class.path" value="C:\Users\Maria\Desktop\loan\target\test-classes;C:\Users\Maria\Desktop\loan\target\classes;C:\Users\Maria\.m2\repository\junit\junit\4.11\junit-4.11.jar;C:\Users\Maria\.m2\repository\org\hamcrest\hamcrest-core\1.3\hamcrest-core-1.3.jar;"/>
    <property name="java.vm.vendor" value="Oracle Corporation"/>
    <property name="sun.arch.data.model" value="64"/>
    <property name="user.variant" value=""/>
    <property name="java.vendor.url" value="https://java.oracle.com/"/>
    <property name="user.timezone" value="Africa/Cairo"/>
    <property name="os.name" value="Windows 10"/>
    <property name="java.vm.specification.version" value="16"/>
    <property name="sun.java.launcher" value="SUN_STANDARD"/>
    <property name="user.country" value="US"/>
    <property name="sun.boot.library.path" value="C:\Program Files\Java\jdk-16.0.1\bin"/>
    <property name="sun.java.command" value="C:\Users\Maria\AppData\Local\Temp\surefire12744728703612963828\surefirebooter17649791012463872201.jar C:\Users\Maria\AppData\Local\Temp\surefire12744728703612963828 2024-03-10T12-27-22_594-jvmRun1 surefire5468268386133571227tmp surefire_05094482809213459980tmp"/>
    <property name="jdk.debug" value="release"/>
    <property name="surefire.test.class.path" value="C:\Users\Maria\Desktop\loan\target\test-classes;C:\Users\Maria\Desktop\loan\target\classes;C:\Users\Maria\.m2\repository\junit\junit\4.11\junit-4.11.jar;C:\Users\Maria\.m2\repository\org\hamcrest\hamcrest-core\1.3\hamcrest-core-1.3.jar;"/>
    <property name="sun.cpu.endian" value="little"/>
    <property name="user.home" value="C:\Users\Maria"/>
    <property name="user.language" value="en"/>
    <property name="java.specification.vendor" value="Oracle Corporation"/>
    <property name="java.version.date" value="2021-04-20"/>
    <property name="java.home" value="C:\Program Files\Java\jdk-16.0.1"/>
    <property name="file.separator" value="\"/>
    <property name="basedir" value="C:\Users\Maria\Desktop\loan"/>
    <property name="java.vm.compressedOopsMode" value="Zero based"/>
    <property name="line.separator" value="&#10;"/>
    <property name="java.vm.specification.vendor" value="Oracle Corporation"/>
    <property name="java.specification.name" value="Java Platform API Specification"/>
    <property name="surefire.real.class.path" value="C:\Users\Maria\AppData\Local\Temp\surefire12744728703612963828\surefirebooter17649791012463872201.jar"/>
    <property name="user.script" value=""/>
    <property name="sun.management.compiler" value="HotSpot 64-Bit Tiered Compilers"/>
    <property name="java.runtime.version" value="16.0.1+9-24"/>
    <property name="user.name" value="Maria"/>
    <property name="path.separator" value=";"/>
    <property name="os.version" value="10.0"/>
    <property name="java.runtime.name" value="Java(TM) SE Runtime Environment"/>
    <property name="file.encoding" value="Cp1252"/>
    <property name="java.vm.name" value="Java HotSpot(TM) 64-Bit Server VM"/>
    <property name="localRepository" value="C:\Users\Maria\.m2\repository"/>
    <property name="java.vendor.url.bug" value="https://bugreport.java.com/bugreport/"/>
    <property name="java.io.tmpdir" value="C:\Users\Maria\AppData\Local\Temp\"/>
    <property name="java.version" value="16.0.1"/>
    <property name="user.dir" value="C:\Users\Maria\Desktop\loan"/>
    <property name="os.arch" value="amd64"/>
    <property name="java.vm.specification.name" value="Java Virtual Machine Specification"/>
    <property name="sun.os.patch.level" value=""/>
    <property name="java.library.path" value="C:\Program Files\Java\jdk-16.0.1\bin;C:\WINDOWS\Sun\Java\bin;C:\WINDOWS\system32;C:\WINDOWS;E:\SetUp Software\node_modules;C:\Program Files\Common Files\Oracle\Java\javapath;E:\oracle\db_home\bin;C:\WINDOWS\system32;C:\WINDOWS;C:\WINDOWS\System32\Wbem;C:\WINDOWS\System32\WindowsPowerShell\v1.0\;C:\WINDOWS\System32\OpenSSH\;C:\Program Files\Java\jdk-16.0.1\bin;E:\camp stalk\Git\cmd;C:\Program Files (x86)\Git\cmd;E:\SetUp Software\;C:\Users\Maria\flutter_windows_3.19.1-stable\flutter\bin;C:\Users\Maria\dartsdk-windows-x64-release\dart-sdk\bin;C:\Program Files\Java\jre1.8.0_202\bin;C:\apache-maven-3.9.6-bin\apache-maven-3.9.6\bin;C:\Users\Maria\AppData\Local\Microsoft\WindowsApps;C:\Users\Maria\AppData\Local\atom\bin;C:\Users\Maria\AppData\Local\Programs\Microsoft VS Code\bin;C:\Users\Maria\AppData\Roaming\npm;C:\Users\Maria\AppData\Local\Android\Sdk;;."/>
    <property name="java.vm.info" value="mixed mode, sharing"/>
    <property name="java.vendor" value="Oracle Corporation"/>
    <property name="java.vm.version" value="16.0.1+9-24"/>
    <property name="sun.io.unicode.encoding" value="UnicodeLittle"/>
    <property name="java.class.version" value="60.0"/>
  </properties>
  <testcase name="testApplicationRejectedDueToHighLoanAmount" classname="task2.LoanProcessorTest" time="0"/>
  <testcase name="testApplicationApproved" classname="task2.LoanProcessorTest" time="0"/>
  <testcase name="testApplicationRejectedDueToLowCreditScore" classname="task2.LoanProcessorTest" time="0"/>
  <testcase name="testApplicationRejectedDueToUnemployment" classname="task2.LoanProcessorTest" time="0"/>
</testsuite>